--- Simulation Started ---
[Time 0] Processing Rider 100 ... MATCHED: Rider 100 with Driver 1
   -> Pickup: 0.0 units (0ms). Trip: 200.0 units (20000ms).
[Time 0] Processing Rider 101 ... MATCHED: Rider 101 with Driver 2
   -> Pickup: 0.0 units (0ms). Trip: 200.0 units (20000ms).
[Time 1000] Processing Rider 102 ... NO MATCH. Retrying in 5000ms...
[Time 6000] Processing Rider 102 (Retry #1) ... NO MATCH. Retrying in 5000ms...
[Time 11000] Processing Rider 102 (Retry #2) ... NO MATCH. Retrying in 5000ms...
[Time 16000] Processing Rider 102 (Retry #3) ... NO MATCH. Max retries reached. Request Cancelled.
[Time 20000] Driver 1 is free again at (200, 0)
[Time 20000] Driver 2 is free again at (0, 200)
[Time 25000] Processing Rider 103 ... MATCHED: Rider 103 with Driver 2
   -> Pickup: 200.0 units (20000ms). Trip: 20.0 units (2000ms).
[Time 47000] Driver 2 is free again at (10, 10)

========================================
       SIMULATION REPORT CARD           
========================================
 Total Requests  : 4
 Total Matches   : 3
 Failed/Expired  : 1
 Match Rate      : 75.0%
========================================
